{"/mnt/c/Users/rodpadev/Documents/Projects/world_typer/repos/milano/src/Tree/index.ts": {"path":"/mnt/c/Users/rodpadev/Documents/Projects/world_typer/repos/milano/src/Tree/index.ts","statementMap":{"0":{"start":{"line":2,"column":0},"end":{"line":2,"column":33}},"1":{"start":{"line":3,"column":0},"end":{"line":3,"column":40}},"2":{"start":{"line":5,"column":0},"end":{"line":5,"column":null}},"3":{"start":{"line":15,"column":8},"end":{"line":15,"column":null}},"4":{"start":{"line":16,"column":8},"end":{"line":16,"column":null}},"5":{"start":{"line":17,"column":8},"end":{"line":17,"column":null}},"6":{"start":{"line":18,"column":8},"end":{"line":18,"column":null}},"7":{"start":{"line":21,"column":4},"end":{"line":21,"column":null}},"8":{"start":{"line":21,"column":22},"end":{"line":21,"column":38}},"9":{"start":{"line":22,"column":4},"end":{"line":22,"column":null}},"10":{"start":{"line":22,"column":35},"end":{"line":22,"column":55}},"11":{"start":{"line":23,"column":4},"end":{"line":23,"column":null}},"12":{"start":{"line":23,"column":37},"end":{"line":23,"column":59}},"13":{"start":{"line":24,"column":4},"end":{"line":24,"column":null}},"14":{"start":{"line":24,"column":40},"end":{"line":24,"column":69}},"15":{"start":{"line":25,"column":4},"end":{"line":25,"column":null}},"16":{"start":{"line":25,"column":22},"end":{"line":25,"column":41}},"17":{"start":{"line":27,"column":4},"end":{"line":27,"column":null}},"18":{"start":{"line":27,"column":32},"end":{"line":27,"column":52}},"19":{"start":{"line":28,"column":12},"end":{"line":28,"column":null}},"20":{"start":{"line":28,"column":42},"end":{"line":28,"column":64}},"21":{"start":{"line":30,"column":4},"end":{"line":33,"column":null}},"22":{"start":{"line":31,"column":8},"end":{"line":31,"column":null}},"23":{"start":{"line":32,"column":8},"end":{"line":32,"column":null}},"24":{"start":{"line":35,"column":4},"end":{"line":43,"column":null}},"25":{"start":{"line":36,"column":20},"end":{"line":36,"column":49}},"26":{"start":{"line":37,"column":8},"end":{"line":41,"column":null}},"27":{"start":{"line":38,"column":25},"end":{"line":38,"column":46}},"28":{"start":{"line":39,"column":12},"end":{"line":39,"column":null}},"29":{"start":{"line":40,"column":12},"end":{"line":40,"column":null}},"30":{"start":{"line":42,"column":8},"end":{"line":42,"column":null}},"31":{"start":{"line":45,"column":4},"end":{"line":47,"column":null}},"32":{"start":{"line":46,"column":8},"end":{"line":46,"column":null}},"33":{"start":{"line":49,"column":4},"end":{"line":54,"column":null}},"34":{"start":{"line":50,"column":23},"end":{"line":50,"column":48}},"35":{"start":{"line":51,"column":8},"end":{"line":51,"column":null}},"36":{"start":{"line":52,"column":8},"end":{"line":52,"column":null}},"37":{"start":{"line":53,"column":8},"end":{"line":53,"column":null}},"38":{"start":{"line":56,"column":4},"end":{"line":58,"column":null}},"39":{"start":{"line":57,"column":8},"end":{"line":57,"column":null}},"40":{"start":{"line":60,"column":4},"end":{"line":63,"column":null}},"41":{"start":{"line":61,"column":8},"end":{"line":61,"column":null}},"42":{"start":{"line":62,"column":8},"end":{"line":62,"column":null}},"43":{"start":{"line":65,"column":4},"end":{"line":69,"column":null}},"44":{"start":{"line":66,"column":19},"end":{"line":66,"column":23}},"45":{"start":{"line":67,"column":8},"end":{"line":67,"column":null}},"46":{"start":{"line":68,"column":8},"end":{"line":68,"column":null}},"47":{"start":{"line":70,"column":0},"end":{"line":70,"column":null}},"48":{"start":{"line":72,"column":0},"end":{"line":72,"column":null}}},"fnMap":{"0":{"name":"(anonymous_0)","decl":{"start":{"line":5,"column":0},"end":{"line":5,"column":null}},"loc":{"start":{"line":5,"column":0},"end":{"line":70,"column":null}}},"1":{"name":"TreeNode","decl":{"start":{"line":14,"column":4},"end":{"line":14,"column":16}},"loc":{"start":{"line":14,"column":26},"end":{"line":19,"column":5}}},"2":{"name":"(anonymous_2)","decl":{"start":{"line":21,"column":4},"end":{"line":21,"column":9}},"loc":{"start":{"line":21,"column":4},"end":{"line":21,"column":39}}},"3":{"name":"(anonymous_3)","decl":{"start":{"line":22,"column":4},"end":{"line":22,"column":13}},"loc":{"start":{"line":22,"column":4},"end":{"line":22,"column":56}}},"4":{"name":"(anonymous_4)","decl":{"start":{"line":23,"column":4},"end":{"line":23,"column":15}},"loc":{"start":{"line":23,"column":4},"end":{"line":23,"column":60}}},"5":{"name":"(anonymous_5)","decl":{"start":{"line":24,"column":4},"end":{"line":24,"column":12}},"loc":{"start":{"line":24,"column":26},"end":{"line":24,"column":70}}},"6":{"name":"(anonymous_6)","decl":{"start":{"line":25,"column":4},"end":{"line":25,"column":12}},"loc":{"start":{"line":25,"column":4},"end":{"line":25,"column":42}}},"7":{"name":"(anonymous_7)","decl":{"start":{"line":27,"column":4},"end":{"line":27,"column":12}},"loc":{"start":{"line":27,"column":23},"end":{"line":27,"column":53}}},"8":{"name":"(anonymous_8)","decl":{"start":{"line":28,"column":4},"end":{"line":28,"column":12}},"loc":{"start":{"line":28,"column":38},"end":{"line":28,"column":65}}},"9":{"name":"(anonymous_9)","decl":{"start":{"line":30,"column":4},"end":{"line":30,"column":12}},"loc":{"start":{"line":30,"column":28},"end":{"line":33,"column":5}}},"10":{"name":"(anonymous_10)","decl":{"start":{"line":35,"column":4},"end":{"line":35,"column":15}},"loc":{"start":{"line":35,"column":31},"end":{"line":43,"column":5}}},"11":{"name":"(anonymous_11)","decl":{"start":{"line":45,"column":4},"end":{"line":45,"column":14}},"loc":{"start":{"line":45,"column":4},"end":{"line":47,"column":5}}},"12":{"name":"(anonymous_12)","decl":{"start":{"line":49,"column":4},"end":{"line":49,"column":12}},"loc":{"start":{"line":49,"column":4},"end":{"line":54,"column":5}}},"13":{"name":"(anonymous_13)","decl":{"start":{"line":56,"column":4},"end":{"line":56,"column":15}},"loc":{"start":{"line":56,"column":34},"end":{"line":58,"column":5}}},"14":{"name":"(anonymous_14)","decl":{"start":{"line":60,"column":4},"end":{"line":60,"column":13}},"loc":{"start":{"line":60,"column":47},"end":{"line":63,"column":5}}},"15":{"name":"(anonymous_15)","decl":{"start":{"line":65,"column":4},"end":{"line":65,"column":12}},"loc":{"start":{"line":65,"column":29},"end":{"line":69,"column":5}}}},"branchMap":{"0":{"loc":{"start":{"line":37,"column":8},"end":{"line":41,"column":null}},"type":"if","locations":[{"start":{"line":37,"column":8},"end":{"line":41,"column":null}},{"start":{"line":37,"column":8},"end":{"line":41,"column":null}}]}},"s":{"0":1,"1":1,"2":1,"3":32,"4":32,"5":32,"6":32,"7":1,"8":2,"9":1,"10":4,"11":1,"12":13,"13":1,"14":2,"15":1,"16":1,"17":1,"18":0,"19":1,"20":18,"21":1,"22":18,"23":18,"24":1,"25":5,"26":5,"27":4,"28":4,"29":4,"30":1,"31":1,"32":2,"33":1,"34":1,"35":1,"36":1,"37":1,"38":1,"39":9,"40":1,"41":1,"42":1,"43":1,"44":1,"45":1,"46":1,"47":1,"48":1},"f":{"0":1,"1":32,"2":2,"3":4,"4":13,"5":2,"6":1,"7":0,"8":18,"9":18,"10":5,"11":2,"12":1,"13":9,"14":1,"15":1},"b":{"0":[4,1]}}
}
