TN:
SF:src/index.ts
FNF:0
FNH:0
DA:2,1
DA:4,1
DA:8,1
LF:3
LH:3
BRF:0
BRH:0
end_of_record
TN:
SF:src/Tree/index.ts
FN:5,(anonymous_0)
FN:15,TreeNode
FN:23,(anonymous_2)
FN:24,(anonymous_3)
FN:25,(anonymous_4)
FN:26,(anonymous_5)
FN:27,(anonymous_6)
FN:29,(anonymous_7)
FN:38,(anonymous_8)
FN:39,(anonymous_9)
FN:41,(anonymous_10)
FN:47,(anonymous_11)
FN:57,(anonymous_12)
FN:61,(anonymous_13)
FN:68,(anonymous_14)
FN:72,(anonymous_15)
FN:77,(anonymous_16)
FNF:17
FNH:16
FNDA:2,(anonymous_0)
FNDA:35,TreeNode
FNDA:30,(anonymous_2)
FNDA:4,(anonymous_3)
FNDA:13,(anonymous_4)
FNDA:2,(anonymous_5)
FNDA:1,(anonymous_6)
FNDA:10,(anonymous_7)
FNDA:0,(anonymous_8)
FNDA:21,(anonymous_9)
FNDA:21,(anonymous_10)
FNDA:6,(anonymous_11)
FNDA:2,(anonymous_12)
FNDA:1,(anonymous_13)
FNDA:9,(anonymous_14)
FNDA:1,(anonymous_15)
FNDA:1,(anonymous_16)
DA:2,2
DA:3,2
DA:5,2
DA:16,35
DA:17,35
DA:18,35
DA:19,35
DA:20,35
DA:23,30
DA:24,4
DA:25,13
DA:26,2
DA:27,2
DA:29,12
DA:30,10
DA:31,7
DA:32,7
DA:34,3
DA:38,2
DA:39,21
DA:41,2
DA:42,21
DA:43,21
DA:44,21
DA:47,11
DA:48,6
DA:49,6
DA:50,5
DA:51,5
DA:52,5
DA:54,1
DA:57,2
DA:58,2
DA:61,2
DA:62,1
DA:63,1
DA:64,1
DA:65,1
DA:68,2
DA:69,9
DA:72,2
DA:73,1
DA:74,1
DA:77,2
DA:78,1
DA:79,1
DA:80,1
DA:82,2
DA:84,2
LF:49
LH:49
BRDA:29,0,0,2
BRDA:29,0,1,8
BRDA:30,1,0,7
BRDA:30,1,1,3
BRDA:32,2,0,6
BRDA:32,2,1,1
BRDA:32,3,0,7
BRDA:32,3,1,6
BRDA:47,4,0,5
BRDA:47,4,1,1
BRDA:49,5,0,5
BRDA:49,5,1,1
BRF:12
BRH:12
end_of_record
