TN:
SF:src/Tree/index.ts
FN:5,(anonymous_0)
FN:14,TreeNode
FN:21,(anonymous_2)
FN:22,(anonymous_3)
FN:23,(anonymous_4)
FN:24,(anonymous_5)
FN:25,(anonymous_6)
FN:27,(anonymous_7)
FN:28,(anonymous_8)
FN:30,(anonymous_9)
FN:35,(anonymous_10)
FN:45,(anonymous_11)
FN:49,(anonymous_12)
FN:56,(anonymous_13)
FN:60,(anonymous_14)
FN:65,(anonymous_15)
FNF:16
FNH:15
FNDA:1,(anonymous_0)
FNDA:32,TreeNode
FNDA:2,(anonymous_2)
FNDA:4,(anonymous_3)
FNDA:13,(anonymous_4)
FNDA:2,(anonymous_5)
FNDA:1,(anonymous_6)
FNDA:0,(anonymous_7)
FNDA:18,(anonymous_8)
FNDA:18,(anonymous_9)
FNDA:5,(anonymous_10)
FNDA:2,(anonymous_11)
FNDA:1,(anonymous_12)
FNDA:9,(anonymous_13)
FNDA:1,(anonymous_14)
FNDA:1,(anonymous_15)
DA:2,1
DA:3,1
DA:5,1
DA:15,32
DA:16,32
DA:17,32
DA:18,32
DA:21,2
DA:22,4
DA:23,13
DA:24,2
DA:25,1
DA:27,1
DA:28,18
DA:30,1
DA:31,18
DA:32,18
DA:35,1
DA:36,5
DA:37,5
DA:38,4
DA:39,4
DA:40,4
DA:42,1
DA:45,1
DA:46,2
DA:49,1
DA:50,1
DA:51,1
DA:52,1
DA:53,1
DA:56,1
DA:57,9
DA:60,1
DA:61,1
DA:62,1
DA:65,1
DA:66,1
DA:67,1
DA:68,1
DA:70,1
DA:72,1
LF:42
LH:42
BRDA:37,0,0,4
BRDA:37,0,1,1
BRF:2
BRH:2
end_of_record
